2021-06-06 20:23:39.050  INFO 48956 --- [restartedMain] eservationSystemBackendServerApplication : Starting LabReservationSystemBackendServerApplication using Java 11.0.11 on DESKTOP-A1UIQGR with PID 48956 (D:\workspace\Lab_reservation_system_backend\Lab_reservation_system_backend_server\target\classes started by 13949 in D:\workspace\Lab_reservation_system_backend)
2021-06-06 20:23:39.053 DEBUG 48956 --- [restartedMain] eservationSystemBackendServerApplication : Running with Spring Boot v2.4.5, Spring v5.3.6
2021-06-06 20:23:39.054  INFO 48956 --- [restartedMain] eservationSystemBackendServerApplication : No active profile set, falling back to default profiles: default
2021-06-06 20:23:43.465 DEBUG 48956 --- [restartedMain] c.e.l.c.JwtAuthenticationTokenFilter     : Filter 'jwtAuthenticationTokenFilter' configured for use
2021-06-06 20:23:45.064  INFO 48956 --- [restartedMain] eservationSystemBackendServerApplication : Started LabReservationSystemBackendServerApplication in 6.561 seconds (JVM running for 8.258)
2021-06-06 20:26:17.208  INFO 48956 --- [http-nio-8080-exec-1] c.e.l.aspect.LogAspect                   : Request: RequestLog(url=http://localhost:8080/api/captcha, ip=127.0.0.1, classMethod=com.example.lab_reservation_system_backend_server.controller.CaptchaController.captcha, args=[FirewalledRequest[ org.apache.catalina.connector.RequestFacade@2d7f28f6], org.springframework.security.web.firewall.FirewalledResponse@f265fae])
2021-06-06 20:26:17.236 DEBUG 48956 --- [http-nio-8080-exec-1] c.e.l.controller.CaptchaController       : 验证码为cc3g
2021-06-06 20:26:17.688  WARN 48956 --- [http-nio-8080-exec-1] o.a.c.util.SessionIdGeneratorBase        : Creation of SecureRandom instance for session ID generation using [SHA1PRNG] took [233] milliseconds.
2021-06-06 20:26:20.356  INFO 48956 --- [http-nio-8080-exec-1] c.e.l.aspect.LogAspect                   : Result: null
2021-06-06 20:26:20.356  INFO 48956 --- [http-nio-8080-exec-1] c.e.l.aspect.LogAspect                   : ------------doAfter------------
2021-06-06 20:26:29.546  INFO 48956 --- [http-nio-8080-exec-3] c.e.l.aspect.LogAspect                   : Request: RequestLog(url=http://localhost:8080/api/login, ip=127.0.0.1, classMethod=com.example.lab_reservation_system_backend_server.controller.LoginController.login, args=[UserLoginObject(username=admin, password=123, code=cc3g), FirewalledRequest[ org.apache.catalina.connector.RequestFacade@2d7f28f6]])
2021-06-06 20:26:30.949 DEBUG 48956 --- [http-nio-8080-exec-3] c.e.l.mapper.UserMapper.selectOne        : ==>  Preparing: SELECT id,username,password,name,create_time,update_time FROM user WHERE (username = ?)
2021-06-06 20:26:30.978 DEBUG 48956 --- [http-nio-8080-exec-3] c.e.l.mapper.UserMapper.selectOne        : ==> Parameters: admin(String)
2021-06-06 20:26:31.033 DEBUG 48956 --- [http-nio-8080-exec-3] c.e.l.mapper.UserMapper.selectOne        : <==      Total: 1
2021-06-06 20:26:31.038 DEBUG 48956 --- [http-nio-8080-exec-3] c.e.l.mapper.RoleMapper.getRoles         : ==>  Preparing: select r.id,r.name from role as r left join user_role as ur on r.id = ur.rid where ur.user_id = ?
2021-06-06 20:26:31.039 DEBUG 48956 --- [http-nio-8080-exec-3] c.e.l.mapper.RoleMapper.getRoles         : ==> Parameters: 1(Long)
2021-06-06 20:26:31.068 DEBUG 48956 --- [http-nio-8080-exec-3] c.e.l.mapper.RoleMapper.getRoles         : <==      Total: 2
2021-06-06 20:26:31.278  INFO 48956 --- [http-nio-8080-exec-3] c.e.l.aspect.LogAspect                   : Result: RespBean(code=200, message=登录成功, data={tokenHead=Bearer, tokenHeader=Authorization, roles=[ADMIN, TEACHER], token=eyJhbGciOiJIUzUxMiJ9.eyJzdWIiOiJhZG1pbiIsImNyZWF0ZWQiOjE2MjI5ODIzOTExNjEsInJvbGVzIjpbeyJhdXRob3JpdHkiOiJBRE1JTiJ9LHsiYXV0aG9yaXR5IjoiVEVBQ0hFUiJ9XSwiZXhwIjoxNjQxMTI2MzkxfQ.vltqGf4iUG_XgszLqROqp2HLzq_OwkQVqDcPEtl9bzWN201hOAnGmo4SCMudGShM7rjg-fKAS2mPNNsU3u1yFA})
2021-06-06 20:26:31.283  INFO 48956 --- [http-nio-8080-exec-3] c.e.l.aspect.LogAspect                   : ------------doAfter------------
2021-06-06 20:26:31.372 DEBUG 48956 --- [http-nio-8080-exec-2] c.e.l.mapper.UserMapper.selectOne        : ==>  Preparing: SELECT id,username,password,name,create_time,update_time FROM user WHERE (username = ?)
2021-06-06 20:26:31.373 DEBUG 48956 --- [http-nio-8080-exec-2] c.e.l.mapper.UserMapper.selectOne        : ==> Parameters: admin(String)
2021-06-06 20:26:31.401 DEBUG 48956 --- [http-nio-8080-exec-2] c.e.l.mapper.UserMapper.selectOne        : <==      Total: 1
2021-06-06 20:26:31.484 DEBUG 48956 --- [http-nio-8080-exec-2] c.e.l.mapper.RoleMapper.getRoles         : ==>  Preparing: select r.id,r.name from role as r left join user_role as ur on r.id = ur.rid where ur.user_id = ?
2021-06-06 20:26:31.484 DEBUG 48956 --- [http-nio-8080-exec-2] c.e.l.mapper.RoleMapper.getRoles         : ==> Parameters: 1(Long)
2021-06-06 20:26:31.512 DEBUG 48956 --- [http-nio-8080-exec-2] c.e.l.mapper.RoleMapper.getRoles         : <==      Total: 2
2021-06-06 20:26:31.581  INFO 48956 --- [http-nio-8080-exec-2] c.e.l.aspect.LogAspect                   : Request: RequestLog(url=http://localhost:8080/api/getCurrentUser, ip=127.0.0.1, classMethod=com.example.lab_reservation_system_backend_server.controller.LoginController.getCurrentUser, args=[UsernamePasswordAuthenticationToken [Principal=User(id=1, username=admin, password=$2a$10$tkHo/pzxCSzQKcCyDln4je7FPubJSlmf2Poviier6TeQEva2KRO0G, name=NEFU_CHAO, roles=[Role(id=1, name=ADMIN, createTime=null, updateTime=null), Role(id=2, name=TEACHER, createTime=null, updateTime=null)], createTime=2021-06-02T13:41:18, updateTime=2021-06-02T13:41:18), Credentials=[PROTECTED], Authenticated=true, Details=WebAuthenticationDetails [RemoteIpAddress=127.0.0.1, SessionId=84A7DC4E2CED15C1F1C853501CB714BA], Granted Authorities=[ADMIN, TEACHER]]])
2021-06-06 20:26:31.621 DEBUG 48956 --- [http-nio-8080-exec-2] c.e.l.mapper.UserMapper.selectOne        : ==>  Preparing: SELECT id,username,password,name,create_time,update_time FROM user WHERE (username = ?)
2021-06-06 20:26:31.623 DEBUG 48956 --- [http-nio-8080-exec-2] c.e.l.mapper.UserMapper.selectOne        : ==> Parameters: admin(String)
2021-06-06 20:26:31.652 DEBUG 48956 --- [http-nio-8080-exec-2] c.e.l.mapper.UserMapper.selectOne        : <==      Total: 1
2021-06-06 20:26:31.738 DEBUG 48956 --- [http-nio-8080-exec-2] c.e.l.mapper.RoleMapper.getRoles         : ==>  Preparing: select r.id,r.name from role as r left join user_role as ur on r.id = ur.rid where ur.user_id = ?
2021-06-06 20:26:31.739 DEBUG 48956 --- [http-nio-8080-exec-2] c.e.l.mapper.RoleMapper.getRoles         : ==> Parameters: 1(Long)
2021-06-06 20:26:31.767 DEBUG 48956 --- [http-nio-8080-exec-2] c.e.l.mapper.RoleMapper.getRoles         : <==      Total: 2
2021-06-06 20:26:31.823  INFO 48956 --- [http-nio-8080-exec-2] c.e.l.aspect.LogAspect                   : Result: User(id=1, username=admin, password=null, name=NEFU_CHAO, roles=[Role(id=1, name=ADMIN, createTime=null, updateTime=null), Role(id=2, name=TEACHER, createTime=null, updateTime=null)], createTime=2021-06-02T13:41:18, updateTime=2021-06-02T13:41:18)
2021-06-06 20:26:31.823  INFO 48956 --- [http-nio-8080-exec-2] c.e.l.aspect.LogAspect                   : ------------doAfter------------
2021-06-06 20:27:56.914 DEBUG 48956 --- [http-nio-8080-exec-6] c.e.l.mapper.UserMapper.selectOne        : ==>  Preparing: SELECT id,username,password,name,create_time,update_time FROM user WHERE (username = ?)
2021-06-06 20:27:56.923 DEBUG 48956 --- [http-nio-8080-exec-6] c.e.l.mapper.UserMapper.selectOne        : ==> Parameters: admin(String)
2021-06-06 20:27:56.977 DEBUG 48956 --- [http-nio-8080-exec-6] c.e.l.mapper.UserMapper.selectOne        : <==      Total: 1
2021-06-06 20:27:57.062 DEBUG 48956 --- [http-nio-8080-exec-6] c.e.l.mapper.RoleMapper.getRoles         : ==>  Preparing: select r.id,r.name from role as r left join user_role as ur on r.id = ur.rid where ur.user_id = ?
2021-06-06 20:27:57.062 DEBUG 48956 --- [http-nio-8080-exec-6] c.e.l.mapper.RoleMapper.getRoles         : ==> Parameters: 1(Long)
2021-06-06 20:27:57.089 DEBUG 48956 --- [http-nio-8080-exec-6] c.e.l.mapper.RoleMapper.getRoles         : <==      Total: 2
2021-06-06 20:27:57.160  INFO 48956 --- [http-nio-8080-exec-6] c.e.l.aspect.LogAspect                   : Request: RequestLog(url=http://localhost:8080/api/lab/, ip=127.0.0.1, classMethod=com.example.lab_reservation_system_backend_server.controller.LabController.getAllLabs, args=[])
2021-06-06 20:27:58.472  INFO 48956 --- [http-nio-8080-exec-6] c.e.l.aspect.LogAspect                   : Result: RespBean(code=200, message=null, data=[Lab(id=1, name=901, number=80, detail=901实验室是软件工程专业专用的实验室, createTime=2021-06-02T13:41:11, updateTime=2021-06-02T13:41:11), Lab(id=2, name=902, number=60, detail=902实验室是计算机与科学技术专业专用的实验室, createTime=2021-06-02T13:41:12, updateTime=2021-06-02T13:41:12), Lab(id=3, name=903, number=100, detail=903实验室是信息管理专业专用的实验室, createTime=2021-06-02T13:41:13, updateTime=2021-06-02T13:41:13)])
2021-06-06 20:27:58.483  INFO 48956 --- [http-nio-8080-exec-6] c.e.l.aspect.LogAspect                   : ------------doAfter------------
2021-06-06 20:28:00.930 DEBUG 48956 --- [http-nio-8080-exec-8] c.e.l.mapper.UserMapper.selectOne        : ==>  Preparing: SELECT id,username,password,name,create_time,update_time FROM user WHERE (username = ?)
2021-06-06 20:28:00.931 DEBUG 48956 --- [http-nio-8080-exec-8] c.e.l.mapper.UserMapper.selectOne        : ==> Parameters: admin(String)
2021-06-06 20:28:00.958 DEBUG 48956 --- [http-nio-8080-exec-8] c.e.l.mapper.UserMapper.selectOne        : <==      Total: 1
2021-06-06 20:28:01.051 DEBUG 48956 --- [http-nio-8080-exec-8] c.e.l.mapper.RoleMapper.getRoles         : ==>  Preparing: select r.id,r.name from role as r left join user_role as ur on r.id = ur.rid where ur.user_id = ?
2021-06-06 20:28:01.052 DEBUG 48956 --- [http-nio-8080-exec-8] c.e.l.mapper.RoleMapper.getRoles         : ==> Parameters: 1(Long)
2021-06-06 20:28:01.083 DEBUG 48956 --- [http-nio-8080-exec-8] c.e.l.mapper.RoleMapper.getRoles         : <==      Total: 2
2021-06-06 20:28:01.144  INFO 48956 --- [http-nio-8080-exec-8] c.e.l.aspect.LogAspect                   : Request: RequestLog(url=http://localhost:8080/api/lab/, ip=127.0.0.1, classMethod=com.example.lab_reservation_system_backend_server.controller.LabController.getAllLabs, args=[])
2021-06-06 20:28:01.210  INFO 48956 --- [http-nio-8080-exec-8] c.e.l.aspect.LogAspect                   : Result: RespBean(code=200, message=null, data=[Lab(id=1, name=901, number=80, detail=901实验室是软件工程专业专用的实验室, createTime=2021-06-02T13:41:11, updateTime=2021-06-02T13:41:11), Lab(id=2, name=902, number=60, detail=902实验室是计算机与科学技术专业专用的实验室, createTime=2021-06-02T13:41:12, updateTime=2021-06-02T13:41:12), Lab(id=3, name=903, number=100, detail=903实验室是信息管理专业专用的实验室, createTime=2021-06-02T13:41:13, updateTime=2021-06-02T13:41:13)])
2021-06-06 20:28:01.211  INFO 48956 --- [http-nio-8080-exec-8] c.e.l.aspect.LogAspect                   : ------------doAfter------------
2021-06-06 20:28:06.169 DEBUG 48956 --- [http-nio-8080-exec-4] c.e.l.mapper.UserMapper.selectOne        : ==>  Preparing: SELECT id,username,password,name,create_time,update_time FROM user WHERE (username = ?)
2021-06-06 20:28:06.169 DEBUG 48956 --- [http-nio-8080-exec-4] c.e.l.mapper.UserMapper.selectOne        : ==> Parameters: admin(String)
2021-06-06 20:28:06.199 DEBUG 48956 --- [http-nio-8080-exec-4] c.e.l.mapper.UserMapper.selectOne        : <==      Total: 1
2021-06-06 20:28:06.281 DEBUG 48956 --- [http-nio-8080-exec-4] c.e.l.mapper.RoleMapper.getRoles         : ==>  Preparing: select r.id,r.name from role as r left join user_role as ur on r.id = ur.rid where ur.user_id = ?
2021-06-06 20:28:06.282 DEBUG 48956 --- [http-nio-8080-exec-4] c.e.l.mapper.RoleMapper.getRoles         : ==> Parameters: 1(Long)
2021-06-06 20:28:06.310 DEBUG 48956 --- [http-nio-8080-exec-4] c.e.l.mapper.RoleMapper.getRoles         : <==      Total: 2
2021-06-06 20:28:06.370  INFO 48956 --- [http-nio-8080-exec-4] c.e.l.aspect.LogAspect                   : Request: RequestLog(url=http://localhost:8080/api/lab/, ip=127.0.0.1, classMethod=com.example.lab_reservation_system_backend_server.controller.LabController.getAllLabs, args=[])
2021-06-06 20:28:06.495  INFO 48956 --- [http-nio-8080-exec-4] c.e.l.aspect.LogAspect                   : Result: RespBean(code=200, message=null, data=[Lab(id=1, name=901, number=80, detail=901实验室是软件工程专业专用的实验室, createTime=2021-06-02T13:41:11, updateTime=2021-06-02T13:41:11), Lab(id=2, name=902, number=60, detail=902实验室是计算机与科学技术专业专用的实验室, createTime=2021-06-02T13:41:12, updateTime=2021-06-02T13:41:12), Lab(id=3, name=903, number=100, detail=903实验室是信息管理专业专用的实验室, createTime=2021-06-02T13:41:13, updateTime=2021-06-02T13:41:13)])
2021-06-06 20:28:06.496  INFO 48956 --- [http-nio-8080-exec-4] c.e.l.aspect.LogAspect                   : ------------doAfter------------
